#
# There is insufficient memory for the Java Runtime Environment to continue.
# Native memory allocation (mmap) failed to map 266338304 bytes for G1 virtual space
# Possible reasons:
#   The system is out of physical RAM or swap space
#   The process is running with CompressedOops enabled, and the Java Heap may be blocking the growth of the native heap
# Possible solutions:
#   Reduce memory load on the system
#   Increase physical memory or swap space
#   Check if swap backing store is full
#   Decrease Java heap size (-Xmx/-Xms)
#   Decrease number of Java threads
#   Decrease Java thread stack sizes (-Xss)
#   Set larger code cache with -XX:ReservedCodeCacheSize=
#   JVM is running with Zero Based Compressed Oops mode in which the Java heap is
#     placed in the first 32GB address space. The Java Heap base address is the
#     maximum limit for the native heap growth. Please use -XX:HeapBaseMinAddress
#     to set the Java Heap base and to place the Java Heap above 32GB virtual address.
# This output file may be truncated or incomplete.
#
#  Out of Memory Error (os_windows.cpp:3528), pid=2692, tid=28000
#
# JRE version:  (20.0.1+9) (build )
# Java VM: OpenJDK 64-Bit Server VM (20.0.1+9-29, mixed mode, sharing, tiered, compressed oops, compressed class ptrs, g1 gc, windows-amd64)
# No core dump will be written. Minidumps are not enabled by default on client versions of Windows
#

---------------  S U M M A R Y ------------

Command Line: -Dnet.bytebuddy.agent.attacher.dump= net.bytebuddy.agent.Attacher com.sun.tools.attach.VirtualMachine 25424 C:\Users\Frderickk\.m2\repository\net\bytebuddy\byte-buddy-agent\1.14.19\byte-buddy-agent-1.14.19.jar false 

Host: Intel(R) Core(TM) i5-8300H CPU @ 2.30GHz, 8 cores, 15G,  Windows 10 , 64 bit Build 19041 (10.0.19041.4717)
Time: Mon Sep  2 21:47:56 2024 Argentina Standard Time elapsed time: 0.013533 seconds (0d 0h 0m 0s)

---------------  T H R E A D  ---------------

Current thread (0x0000021ad9fb2600):  JavaThread "Unknown thread" [_thread_in_vm, id=28000, stack(0x0000006ba0a00000,0x0000006ba0b00000)]

Stack: [0x0000006ba0a00000,0x0000006ba0b00000]
Native frames: (J=compiled Java code, j=interpreted, Vv=VM code, C=native code)
V  [jvm.dll+0x6bb95a]
V  [jvm.dll+0x8485fa]
V  [jvm.dll+0x84a1f5]
V  [jvm.dll+0x84a8f3]
V  [jvm.dll+0x280b0f]
V  [jvm.dll+0x6b86e9]
V  [jvm.dll+0x6ad2da]
V  [jvm.dll+0x35adf5]
V  [jvm.dll+0x363016]
V  [jvm.dll+0x3b3b3e]
V  [jvm.dll+0x3b3dc5]
V  [jvm.dll+0x32b50a]
V  [jvm.dll+0x32c32b]
V  [jvm.dll+0x8112bf]
V  [jvm.dll+0x3c0d91]
V  [jvm.dll+0x7fcfe3]
V  [jvm.dll+0x44c76f]
V  [jvm.dll+0x44e0e1]
C  [jli.dll+0x5287]
C  [ucrtbase.dll+0x21bb2]
C  [KERNEL32.DLL+0x17374]
C  [ntdll.dll+0x4cc91]


---------------  P R O C E S S  ---------------

Threads class SMR info:
_java_thread_list=0x00007ff8e4f9a098, length=0, elements={
}

Java Threads: ( => current thread )

Other Threads:
  0x0000021ada022660 WorkerThread "GC Thread#0" [stack: 0x0000006ba0b00000,0x0000006ba0c00000] [id=22460]
  0x0000021ada0343c0 ConcurrentGCThread "G1 Main Marker" [stack: 0x0000006ba0c00000,0x0000006ba0d00000] [id=27680]
  0x0000021ada0364b0 WorkerThread "G1 Conc#0" [stack: 0x0000006ba0d00000,0x0000006ba0e00000] [id=1720]

[error occurred during error reporting (printing all threads), id 0xc0000005, EXCEPTION_ACCESS_VIOLATION (0xc0000005) at pc=0x00007ff8e477eb47]
VM state: not at safepoint (not fully initialized)

VM Mutex/Monitor currently owned by a thread:  ([mutex/lock_event])
[0x0000021ad9faf210] Heap_lock - owner thread: 0x0000021ad9fb2600

Heap address: 0x0000000702600000, size: 4058 MB, Compressed Oops mode: Zero based, Oop shift amount: 3

CDS archive(s) mapped at: [0x0000000000000000-0x0000000000000000-0x0000000000000000), size 0, SharedBaseAddress: 0x0000000800000000, ArchiveRelocationMode: 0.
Narrow klass base: 0x0000000000000000, Narrow klass shift: 0, Narrow klass range: 0x0

GC Precious Log:
 CardTable entry size: 512
 Card Set container configuration: InlinePtr #cards 4 size 8 Array Of Cards #cards 16 size 48 Howl #buckets 8 coarsen threshold 3686 Howl Bitmap #cards 512 size 80 coarsen threshold 460 Card regions per heap region 1 cards per card region 4096

Heap:
 garbage-first heap   total 0K, used 0K [0x0000000702600000, 0x0000000800000000)
  region size 2048K, 0 young (0K), 0 survivors (0K)

[error occurred during error reporting (printing heap information), id 0xc0000005, EXCEPTION_ACCESS_VIOLATION (0xc0000005) at pc=0x00007ff8e4b53c59]
GC Heap History (0 events):
No events

Dll operation events (1 events):
Event: 0.009 Loaded shared library C:\Users\Frderickk\.jdks\openjdk-20.0.1\bin\java.dll

Deoptimization events (0 events):
No events

Classes loaded (0 events):
No events

Classes unloaded (0 events):
No events

Classes redefined (0 events):
No events

Internal exceptions (0 events):
No events

VM Operations (0 events):
No events

Events (0 events):
No events


Dynamic libraries:
0x00007ff771960000 - 0x00007ff77196e000 	C:\Users\Frderickk\.jdks\openjdk-20.0.1\bin\java.exe
0x00007ff9480f0000 - 0x00007ff9482e8000 	C:\Windows\SYSTEM32\ntdll.dll
0x00007ff9462b0000 - 0x00007ff946371000 	C:\Windows\System32\KERNEL32.DLL
0x00007ff945b50000 - 0x00007ff945e4d000 	C:\Windows\System32\KERNELBASE.dll
0x00007ff945a50000 - 0x00007ff945b50000 	C:\Windows\System32\ucrtbase.dll
0x00007ff93d020000 - 0x00007ff93d037000 	C:\Users\Frderickk\.jdks\openjdk-20.0.1\bin\jli.dll
0x00007ff93d0c0000 - 0x00007ff93d0db000 	C:\Users\Frderickk\.jdks\openjdk-20.0.1\bin\VCRUNTIME140.dll
0x00007ff947130000 - 0x00007ff9472cd000 	C:\Windows\System32\USER32.dll
0x00007ff9460f0000 - 0x00007ff946112000 	C:\Windows\System32\win32u.dll
0x00007ff9387e0000 - 0x00007ff938a7a000 	C:\Windows\WinSxS\amd64_microsoft.windows.common-controls_6595b64144ccf1df_6.0.19041.4355_none_60b8b9eb71f62e16\COMCTL32.dll
0x00007ff947b80000 - 0x00007ff947bab000 	C:\Windows\System32\GDI32.dll
0x00007ff946e00000 - 0x00007ff946e9e000 	C:\Windows\System32\msvcrt.dll
0x00007ff945fa0000 - 0x00007ff9460b7000 	C:\Windows\System32\gdi32full.dll
0x00007ff945f00000 - 0x00007ff945f9d000 	C:\Windows\System32\msvcp_win.dll
0x00007ff947d60000 - 0x00007ff947d8f000 	C:\Windows\System32\IMM32.DLL
0x00007ff93d4c0000 - 0x00007ff93d4cc000 	C:\Users\Frderickk\.jdks\openjdk-20.0.1\bin\vcruntime140_1.dll
0x00007ff9380b0000 - 0x00007ff93813e000 	C:\Users\Frderickk\.jdks\openjdk-20.0.1\bin\msvcp140.dll
0x00007ff8e4440000 - 0x00007ff8e50d7000 	C:\Users\Frderickk\.jdks\openjdk-20.0.1\bin\server\jvm.dll
0x00007ff946ea0000 - 0x00007ff946f50000 	C:\Windows\System32\ADVAPI32.dll
0x00007ff946380000 - 0x00007ff946420000 	C:\Windows\System32\sechost.dll
0x00007ff946180000 - 0x00007ff9462a3000 	C:\Windows\System32\RPCRT4.dll
0x00007ff9460c0000 - 0x00007ff9460e7000 	C:\Windows\System32\bcrypt.dll
0x00007ff93d440000 - 0x00007ff93d449000 	C:\Windows\SYSTEM32\WSOCK32.dll
0x00007ff9339a0000 - 0x00007ff9339c7000 	C:\Windows\SYSTEM32\WINMM.dll
0x00007ff93ccd0000 - 0x00007ff93ccda000 	C:\Windows\SYSTEM32\VERSION.dll
0x00007ff9470b0000 - 0x00007ff94711b000 	C:\Windows\System32\WS2_32.dll
0x00007ff9435e0000 - 0x00007ff9435f2000 	C:\Windows\SYSTEM32\kernel.appcore.dll
0x00007ff93d340000 - 0x00007ff93d34a000 	C:\Users\Frderickk\.jdks\openjdk-20.0.1\bin\jimage.dll
0x00007ff9337b0000 - 0x00007ff933994000 	C:\Windows\SYSTEM32\DBGHELP.DLL
0x00007ff92ade0000 - 0x00007ff92ae14000 	C:\Windows\SYSTEM32\dbgcore.DLL
0x00007ff9457a0000 - 0x00007ff945822000 	C:\Windows\System32\bcryptPrimitives.dll
0x00007ff9397d0000 - 0x00007ff9397f6000 	C:\Users\Frderickk\.jdks\openjdk-20.0.1\bin\java.dll

dbghelp: loaded successfully - version: 4.0.5 - missing functions: none
symbol engine: initialized successfully - sym options: 0x614 - pdb path: .;C:\Users\Frderickk\.jdks\openjdk-20.0.1\bin;C:\Windows\SYSTEM32;C:\Windows\WinSxS\amd64_microsoft.windows.common-controls_6595b64144ccf1df_6.0.19041.4355_none_60b8b9eb71f62e16;C:\Users\Frderickk\.jdks\openjdk-20.0.1\bin\server

VM Arguments:
jvm_args: -Dnet.bytebuddy.agent.attacher.dump= 
java_command: net.bytebuddy.agent.Attacher com.sun.tools.attach.VirtualMachine 25424 C:\Users\Frderickk\.m2\repository\net\bytebuddy\byte-buddy-agent\1.14.19\byte-buddy-agent-1.14.19.jar false 
java_class_path (initial): C:\Users\Frderickk\.m2\repository\net\bytebuddy\byte-buddy-agent\1.14.19\byte-buddy-agent-1.14.19.jar
Launcher Type: SUN_STANDARD

[Global flags]
     intx CICompilerCount                          = 4                                         {product} {ergonomic}
     uint ConcGCThreads                            = 2                                         {product} {ergonomic}
     uint G1ConcRefinementThreads                  = 8                                         {product} {ergonomic}
   size_t G1HeapRegionSize                         = 2097152                                   {product} {ergonomic}
    uintx GCDrainStackTargetSize                   = 64                                        {product} {ergonomic}
   size_t InitialHeapSize                          = 266338304                                 {product} {ergonomic}
   size_t MarkStackSize                            = 4194304                                   {product} {ergonomic}
   size_t MaxHeapSize                              = 4255121408                                {product} {ergonomic}
   size_t MinHeapDeltaBytes                        = 2097152                                   {product} {ergonomic}
   size_t MinHeapSize                              = 8388608                                   {product} {ergonomic}
    uintx NonNMethodCodeHeapSize                   = 5839372                                {pd product} {ergonomic}
    uintx NonProfiledCodeHeapSize                  = 122909434                              {pd product} {ergonomic}
    uintx ProfiledCodeHeapSize                     = 122909434                              {pd product} {ergonomic}
    uintx ReservedCodeCacheSize                    = 251658240                              {pd product} {ergonomic}
     bool SegmentedCodeCache                       = true                                      {product} {ergonomic}
   size_t SoftMaxHeapSize                          = 4255121408                             {manageable} {ergonomic}
     bool UseCompressedClassPointers               = true                           {product lp64_product} {ergonomic}
     bool UseCompressedOops                        = true                           {product lp64_product} {ergonomic}
     bool UseG1GC                                  = true                                      {product} {ergonomic}
     bool UseLargePagesIndividualAllocation        = false                                  {pd product} {ergonomic}

Logging:
Log output configuration:
 #0: stdout all=warning uptime,level,tags foldmultilines=false
 #1: stderr all=off uptime,level,tags foldmultilines=false

Environment Variables:
JAVA_HOME=C:\Users\Frderickk\AppData\Local\Programs\Eclipse Adoptium\jdk-17.0.9.9-hotspot\
PATH=C:\Program Files (x86)\Common Files\Intel\Shared Libraries\redist\intel64\compiler;C:\Windows\system32;C:\Windows;C:\Windows\System32\Wbem;C:\Windows\System32\WindowsPowerShell\v1.0\;C:\Windows\System32\OpenSSH\;C:\Program Files\dotnet\;C:\Program Files (x86)\NVIDIA Corporation\PhysX\Common;C:\Program Files\NVIDIA Corporation\NVIDIA NvDLISR;C:\ProgramData\chocolatey\bin;C:\Program Files\Docker\Docker\resources\bin;C:\Program Files\PuTTY\;C:\Program Files\nodejs\;C:\Go\bin;%MAVEN_HOME%\bin;C:\Users\Frderickk\adb-fastboot\platform-tools;C:\Program Files\Git\cmd;C:\Program Files\MySQL\MySQL Shell 8.0\bin\;C:\Users\Frderickk\AppData\Local\Programs\Eclipse Adoptium\jdk-17.0.9.9-hotspot\bin;C:\Users\Frderickk\AppData\Local\Programs\Python\Python311\Scripts\;C:\Users\Frderickk\AppData\Local\Programs\Python\Python311\;C:\Users\Frderickk\AppData\Local\Programs\Python\Python311;C:\Users\Frderickk\AppData\Local\Microsoft\WindowsApps;C:\Users\Frderickk\AppData\Local\Programs\Microsoft VS Code\bin;C:\Users\Frderickk\AppData\Roaming\npm;C:\Program Files\MongoDB\Tools\100\bin;
USERNAME=Frderickk
OS=Windows_NT
PROCESSOR_IDENTIFIER=Intel64 Family 6 Model 158 Stepping 10, GenuineIntel
TMP=C:\Users\FRDERI~1\AppData\Local\Temp
TEMP=C:\Users\FRDERI~1\AppData\Local\Temp




---------------  S Y S T E M  ---------------

OS:
 Windows 10 , 64 bit Build 19041 (10.0.19041.4717)
OS uptime: 18 days 18:12 hours
Hyper-V role detected

CPU: total 8 (initial active 8) (4 cores per cpu, 2 threads per core) family 6 model 158 stepping 10 microcode 0xb4, cx8, cmov, fxsr, ht, mmx, 3dnowpref, sse, sse2, sse3, ssse3, sse4.1, sse4.2, popcnt, lzcnt, tsc, tscinvbit, avx, avx2, aes, erms, clmul, bmi1, bmi2, adx, fma, vzeroupper, clflush, clflushopt, hv, rdtscp, f16c

Memory: 4k page, system-wide physical 16226M (3991M free)
TotalPageFile size 46634M (AvailPageFile size 171M)
current process WorkingSet (physical memory assigned to process): 11M, peak: 11M
current process commit charge ("private bytes"): 60M, peak: 314M

vm_info: OpenJDK 64-Bit Server VM (20.0.1+9-29) for windows-amd64 JRE (20.0.1+9-29), built on 2023-03-07T13:56:11Z by "mach5one" with MS VC++ 17.1 (VS2022)

END.
